0 silly argv {
0 silly argv   _: [ 'add' ],
0 silly argv   globs: [ 'packages/home' ],
0 silly argv   lernaVersion: '4.0.0',
0 silly argv   '$0': 'lerna',
0 silly argv   pkg: '@fcc/core'
0 silly argv }
1 notice cli v4.0.0
2 verbose rootPath /Users/liuhao/Documents/fcc/xuelang3/fcc-project/fcc-libs
3 info versioning independent
4 error JSONError: Unexpected token "}" (0x7D) in JSON at position 361 while parsing near "...t\\\" && exit 1\"\n  },\n}" in packages/home/package.json
4 error
4 error [0m [90m 17 |[39m     [32m"test"[39m[33m:[39m [32m"echo \"Error: run tests from root\" && exit 1"[39m[0m
4 error [0m [90m 18 |[39m   }[33m,[39m[0m
4 error [0m[31m[1m>[22m[39m[90m 19 |[39m }[0m
4 error [0m [90m    |[39m [31m[1m^[22m[39m[0m
4 error
4 error     at parseJson (/usr/local/lib/node_modules/lerna/node_modules/parse-json/index.js:29:21)
4 error     at parse (/usr/local/lib/node_modules/lerna/node_modules/load-json-file/index.js:15:9)
4 error     at module.exports (/usr/local/lib/node_modules/lerna/node_modules/load-json-file/index.js:18:47)
